0 info it worked if it ends with ok
1 verbose cli [ '/usr/bin/nodejs', '/usr/bin/npm', 'install', '-g', 'less' ]
2 info using npm@2.14.20
3 info using node@v4.4.1
4 verbose install initial load of /usr/lib/package.json
5 verbose readDependencies loading dependencies from /usr/lib/package.json
6 silly cache add args [ 'less', null ]
7 verbose cache add spec less
8 silly cache add parsed spec Result {
8 silly cache add   raw: 'less',
8 silly cache add   scope: null,
8 silly cache add   name: 'less',
8 silly cache add   rawSpec: '',
8 silly cache add   spec: 'latest',
8 silly cache add   type: 'tag' }
9 silly addNamed less@latest
10 verbose addNamed "latest" is being treated as a dist-tag for less
11 info addNameTag [ 'less', 'latest' ]
12 silly mapToRegistry name less
13 silly mapToRegistry using default registry
14 silly mapToRegistry registry https://registry.npmjs.org/
15 silly mapToRegistry uri https://registry.npmjs.org/less
16 verbose addNameTag registry:https://registry.npmjs.org/less not in flight; fetching
17 verbose request uri https://registry.npmjs.org/less
18 verbose request no auth needed
19 info attempt registry request try #1 at 14:28:26
20 verbose request id bec6692ce013986a
21 http request GET https://registry.npmjs.org/less
22 http 200 https://registry.npmjs.org/less
23 verbose headers { server: 'CouchDB/1.5.0 (Erlang OTP/R16B03)',
23 verbose headers   etag: '"AVFI617AD86VA8JV9PQKMY4ZX"',
23 verbose headers   'content-type': 'application/json',
23 verbose headers   'cache-control': 'max-age=300',
23 verbose headers   'content-length': '104251',
23 verbose headers   'accept-ranges': 'bytes',
23 verbose headers   date: 'Tue, 29 Mar 2016 12:28:26 GMT',
23 verbose headers   via: '1.1 varnish',
23 verbose headers   age: '184',
23 verbose headers   connection: 'keep-alive',
23 verbose headers   'x-served-by': 'cache-ams4142-AMS',
23 verbose headers   'x-cache': 'HIT',
23 verbose headers   'x-cache-hits': '5',
23 verbose headers   'x-timer': 'S1459254506.812256,VS0,VE0',
23 verbose headers   vary: 'Accept' }
24 silly get cb [ 200,
24 silly get   { server: 'CouchDB/1.5.0 (Erlang OTP/R16B03)',
24 silly get     etag: '"AVFI617AD86VA8JV9PQKMY4ZX"',
24 silly get     'content-type': 'application/json',
24 silly get     'cache-control': 'max-age=300',
24 silly get     'content-length': '104251',
24 silly get     'accept-ranges': 'bytes',
24 silly get     date: 'Tue, 29 Mar 2016 12:28:26 GMT',
24 silly get     via: '1.1 varnish',
24 silly get     age: '184',
24 silly get     connection: 'keep-alive',
24 silly get     'x-served-by': 'cache-ams4142-AMS',
24 silly get     'x-cache': 'HIT',
24 silly get     'x-cache-hits': '5',
24 silly get     'x-timer': 'S1459254506.812256,VS0,VE0',
24 silly get     vary: 'Accept' } ]
25 verbose get saving less to /home/patrick/.npm/registry.npmjs.org/less/.cache.json
26 verbose correctMkdir /home/patrick/.npm correctMkdir not in flight; initializing
27 silly addNameTag next cb for less with tag latest
28 silly addNamed less@2.6.1
29 verbose addNamed "2.6.1" is a plain semver version for less
30 silly mapToRegistry name less
31 silly mapToRegistry using default registry
32 silly mapToRegistry registry https://registry.npmjs.org/
33 silly mapToRegistry uri https://registry.npmjs.org/less
34 verbose addRemoteTarball https://registry.npmjs.org/less/-/less-2.6.1.tgz not in flight; adding
35 verbose addRemoteTarball [ 'https://registry.npmjs.org/less/-/less-2.6.1.tgz',
35 verbose addRemoteTarball   '658e01ec9ac3149959c6b6dfbcfbc0a170afda7a' ]
36 info retry fetch attempt 1 at 14:28:27
37 info attempt registry request try #1 at 14:28:27
38 http fetch GET https://registry.npmjs.org/less/-/less-2.6.1.tgz
39 http fetch 200 https://registry.npmjs.org/less/-/less-2.6.1.tgz
40 silly fetchAndShaCheck shasum 658e01ec9ac3149959c6b6dfbcfbc0a170afda7a
41 verbose addTmpTarball /tmp/npm-12967-0502ca96/registry.npmjs.org/less/-/less-2.6.1.tgz not in flight; adding
42 verbose addTmpTarball already have metadata; skipping unpack for less@2.6.1
43 verbose correctMkdir /home/patrick/.npm correctMkdir not in flight; initializing
44 silly cache afterAdd less@2.6.1
45 verbose afterAdd /home/patrick/.npm/less/2.6.1/package/package.json not in flight; writing
46 verbose correctMkdir /home/patrick/.npm correctMkdir not in flight; initializing
47 verbose afterAdd /home/patrick/.npm/less/2.6.1/package/package.json written
48 silly install resolved [ { name: 'less',
48 silly install resolved     version: '2.6.1',
48 silly install resolved     description: 'Leaner CSS',
48 silly install resolved     homepage: 'http://lesscss.org',
48 silly install resolved     author: { name: 'Alexis Sellier', email: 'self@cloudhead.net' },
48 silly install resolved     contributors: [ [Object] ],
48 silly install resolved     bugs: { url: 'https://github.com/less/less.js/issues' },
48 silly install resolved     repository: { type: 'git', url: 'git+https://github.com/less/less.js.git' },
48 silly install resolved     license: 'Apache-2.0',
48 silly install resolved     bin: { lessc: './bin/lessc' },
48 silly install resolved     main: 'index',
48 silly install resolved     directories: { test: './test' },
48 silly install resolved     jam: { main: './dist/less.js' },
48 silly install resolved     browser: './dist/less.js',
48 silly install resolved     engines: { node: '>=0.10.0' },
48 silly install resolved     scripts: { test: 'grunt test' },
48 silly install resolved     optionalDependencies:
48 silly install resolved      { errno: '^0.1.1',
48 silly install resolved        'graceful-fs': '^4.1.2',
48 silly install resolved        'image-size': '~0.4.0',
48 silly install resolved        mime: '^1.2.11',
48 silly install resolved        mkdirp: '^0.5.0',
48 silly install resolved        promise: '^7.1.1',
48 silly install resolved        request: '^2.51.0',
48 silly install resolved        'source-map': '^0.5.3' },
48 silly install resolved     devDependencies:
48 silly install resolved      { diff: '^2.2.1',
48 silly install resolved        grunt: '^0.4.5',
48 silly install resolved        'grunt-contrib-clean': '^1.0.0',
48 silly install resolved        'grunt-contrib-concat': '^1.0.0',
48 silly install resolved        'grunt-contrib-connect': '^0.11.2',
48 silly install resolved        'grunt-contrib-jasmine': '^1.0.0',
48 silly install resolved        'grunt-contrib-jshint': '^1.0.0',
48 silly install resolved        'grunt-contrib-uglify': '^0.11.0',
48 silly install resolved        'grunt-jscs': '^2.7.0',
48 silly install resolved        'grunt-shell': '^1.1.1',
48 silly install resolved        'grunt-browserify': '~4.0.1',
48 silly install resolved        'jit-grunt': '^0.9.1',
48 silly install resolved        'time-grunt': '^1.0.0',
48 silly install resolved        'grunt-saucelabs': '^8.3.2' },
48 silly install resolved     keywords:
48 silly install resolved      [ 'compile less',
48 silly install resolved        'css nesting',
48 silly install resolved        'css variable',
48 silly install resolved        'css',
48 silly install resolved        'gradients css',
48 silly install resolved        'gradients css3',
48 silly install resolved        'less compiler',
48 silly install resolved        'less css',
48 silly install resolved        'less mixins',
48 silly install resolved        'less',
48 silly install resolved        'less.js',
48 silly install resolved        'lesscss',
48 silly install resolved        'mixins',
48 silly install resolved        'nested css',
48 silly install resolved        'parser',
48 silly install resolved        'preprocessor',
48 silly install resolved        'bootstrap css',
48 silly install resolved        'bootstrap less',
48 silly install resolved        'style',
48 silly install resolved        'styles',
48 silly install resolved        'stylesheet',
48 silly install resolved        'variables in css',
48 silly install resolved        'css less' ],
48 silly install resolved     gitHead: 'b550b2081f0af3b8905d31a2a03f595ad7b299a8',
48 silly install resolved     dependencies:
48 silly install resolved      { errno: '^0.1.1',
48 silly install resolved        'graceful-fs': '^4.1.2',
48 silly install resolved        'image-size': '~0.4.0',
48 silly install resolved        mime: '^1.2.11',
48 silly install resolved        mkdirp: '^0.5.0',
48 silly install resolved        promise: '^7.1.1',
48 silly install resolved        request: '^2.51.0',
48 silly install resolved        'source-map': '^0.5.3' },
48 silly install resolved     _id: 'less@2.6.1',
48 silly install resolved     _shasum: '658e01ec9ac3149959c6b6dfbcfbc0a170afda7a',
48 silly install resolved     _from: 'less@latest',
48 silly install resolved     _npmVersion: '3.6.0',
48 silly install resolved     _nodeVersion: '5.4.1',
48 silly install resolved     _npmUser: { name: 'matthew-dean', email: 'matthewdean.me@gmail.com' },
48 silly install resolved     dist:
48 silly install resolved      { shasum: '658e01ec9ac3149959c6b6dfbcfbc0a170afda7a',
48 silly install resolved        tarball: 'http://registry.npmjs.org/less/-/less-2.6.1.tgz' },
48 silly install resolved     maintainers: [ [Object], [Object], [Object], [Object], [Object] ],
48 silly install resolved     _npmOperationalInternal:
48 silly install resolved      { host: 'packages-13-west.internal.npmjs.com',
48 silly install resolved        tmp: 'tmp/less-2.6.1.tgz_1457109575213_0.41725030448287725' },
48 silly install resolved     _resolved: 'https://registry.npmjs.org/less/-/less-2.6.1.tgz' } ]
49 info install less@2.6.1 into /usr/lib
50 info installOne less@2.6.1
51 verbose installOne of less to /usr/lib not in flight; installing
52 verbose correctMkdir /home/patrick/.npm/_locks correctMkdir not in flight; initializing
53 verbose lock using /home/patrick/.npm/_locks/less-9b3d1f262d2364a9.lock for /usr/lib/node_modules/less
54 silly install write writing less 2.6.1 to /usr/lib/node_modules/less
55 verbose unbuild lib/node_modules/less
56 silly gentlyRm /usr/lib/node_modules/less is being purged from base /usr
57 verbose gentlyRm don't care about contents; nuking /usr/lib/node_modules/less
58 verbose tar unpack /home/patrick/.npm/less/2.6.1/package.tgz
59 verbose tar unpacking to /usr/lib/node_modules/less
60 silly gentlyRm /usr/lib/node_modules/less is being purged
61 verbose gentlyRm don't care about contents; nuking /usr/lib/node_modules/less
62 silly gunzTarPerm modes [ '775', '664' ]
63 error tar.unpack untar error /home/patrick/.npm/less/2.6.1/package.tgz
64 verbose unlock done using /home/patrick/.npm/_locks/less-9b3d1f262d2364a9.lock for /usr/lib/node_modules/less
65 verbose fstream_path /usr/lib/node_modules/less
66 verbose fstream_type Directory
67 verbose fstream_class DirWriter
68 verbose stack Error: EACCES: permission denied, mkdir '/usr/lib/node_modules/less'
68 verbose stack     at Error (native)
69 verbose fstream_stack /usr/lib/node_modules/npm/node_modules/fstream/lib/dir-writer.js:35:25
69 verbose fstream_stack /usr/lib/node_modules/npm/node_modules/mkdirp/index.js:47:53
69 verbose fstream_stack FSReqWrap.oncomplete (fs.js:82:15)
70 verbose cwd /var/www/html/projetCSS
71 error Linux 3.19.0-56-lowlatency
72 error argv "/usr/bin/nodejs" "/usr/bin/npm" "install" "-g" "less"
73 error node v4.4.1
74 error npm  v2.14.20
75 error path /usr/lib/node_modules/less
76 error code EACCES
77 error errno -13
78 error syscall mkdir
79 error Error: EACCES: permission denied, mkdir '/usr/lib/node_modules/less'
79 error     at Error (native)
79 error  { [Error: EACCES: permission denied, mkdir '/usr/lib/node_modules/less']
79 error   errno: -13,
79 error   code: 'EACCES',
79 error   syscall: 'mkdir',
79 error   path: '/usr/lib/node_modules/less',
79 error   fstream_type: 'Directory',
79 error   fstream_path: '/usr/lib/node_modules/less',
79 error   fstream_class: 'DirWriter',
79 error   fstream_stack:
79 error    [ '/usr/lib/node_modules/npm/node_modules/fstream/lib/dir-writer.js:35:25',
79 error      '/usr/lib/node_modules/npm/node_modules/mkdirp/index.js:47:53',
79 error      'FSReqWrap.oncomplete (fs.js:82:15)' ] }
80 error Please try running this command again as root/Administrator.
81 verbose exit [ -13, true ]
82 verbose unbuild lib/node_modules/less
83 silly gentlyRm /usr/lib/node_modules/less is being purged from base /usr
84 verbose gentlyRm don't care about contents; nuking /usr/lib/node_modules/less
